# JRE version: OpenJDK Runtime Environment Temurin-17.0.4.1+1 (17.0.4.1+1) (build 17.0.4.1+1)
# Java VM: OpenJDK 64-Bit Server VM Temurin-17.0.4.1+1 (17.0.4.1+1, mixed mode, tiered, compressed oops, compressed class ptrs, parallel gc, windows-amd64)
GC Precious Log:
 CPUs: 8 total, 8 available
 Memory: 5965M
 Large Page Support: Disabled
 NUMA Support: Disabled
 Compressed Oops: Enabled (32-bit)
 Alignments: Space 512K, Generation 512K, Heap 2M
 Heap Min Capacity: 100M
 Heap Initial Capacity: 100M
 Heap Max Capacity: 1G
 Pre-touch: Disabled
 Parallel Workers: 8
Heap:
 PSYoungGen      total 17408K, used 10150K [0x00000000eab00000, 0x00000000ebd80000, 0x0000000100000000)
  eden space 16896K, 58% used [0x00000000eab00000,0x00000000eb499b28,0x00000000ebb80000)
  from space 512K, 62% used [0x00000000ebd00000,0x00000000ebd50000,0x00000000ebd80000)
  to   space 1024K, 0% used [0x00000000ebb80000,0x00000000ebb80000,0x00000000ebc80000)
 ParOldGen       total 68608K, used 43463K [0x00000000c0000000, 0x00000000c4300000, 0x00000000eab00000)
  object space 68608K, 63% used [0x00000000c0000000,0x00000000c2a71e58,0x00000000c4300000)
 Metaspace       used 52571K, committed 53504K, reserved 1097728K
  class space    used 5653K, committed 6080K, reserved 1048576K
GC Heap History (20 events):
Event: 8.220 GC heap before
{Heap before GC invocations=23 (full 2):
 PSYoungGen      total 20992K, used 20960K [0x00000000eab00000, 0x00000000ec200000, 0x0000000100000000)
  eden space 19456K, 100% used [0x00000000eab00000,0x00000000ebe00000,0x00000000ebe00000)
  from space 1536K, 97% used [0x00000000ec080000,0x00000000ec1f8000,0x00000000ec200000)
  to   space 2048K, 0% used [0x00000000ebe00000,0x00000000ebe00000,0x00000000ec000000)
 ParOldGen       total 68608K, used 29474K [0x00000000c0000000, 0x00000000c4300000, 0x00000000eab00000)
  object space 68608K, 42% used [0x00000000c0000000,0x00000000c1cc88d0,0x00000000c4300000)
 Metaspace       used 47049K, committed 48000K, reserved 1097728K
  class space    used 5072K, committed 5504K, reserved 1048576K
}
Event: 8.222 GC heap after
{Heap after GC invocations=23 (full 2):
 PSYoungGen      total 21504K, used 672K [0x00000000eab00000, 0x00000000ec100000, 0x0000000100000000)
  eden space 19456K, 0% used [0x00000000eab00000,0x00000000eab00000,0x00000000ebe00000)
  from space 2048K, 32% used [0x00000000ebe00000,0x00000000ebea8000,0x00000000ec000000)
  to   space 1024K, 0% used [0x00000000ec000000,0x00000000ec000000,0x00000000ec100000)
 ParOldGen       total 68608K, used 30914K [0x00000000c0000000, 0x00000000c4300000, 0x00000000eab00000)
  object space 68608K, 45% used [0x00000000c0000000,0x00000000c1e308d0,0x00000000c4300000)
 Metaspace       used 47049K, committed 48000K, reserved 1097728K
  class space    used 5072K, committed 5504K, reserved 1048576K
}
Event: 8.679 GC heap before
{Heap before GC invocations=24 (full 2):
 PSYoungGen      total 21504K, used 20128K [0x00000000eab00000, 0x00000000ec100000, 0x0000000100000000)
  eden space 19456K, 100% used [0x00000000eab00000,0x00000000ebe00000,0x00000000ebe00000)
  from space 2048K, 32% used [0x00000000ebe00000,0x00000000ebea8000,0x00000000ec000000)
  to   space 1024K, 0% used [0x00000000ec000000,0x00000000ec000000,0x00000000ec100000)
 ParOldGen       total 68608K, used 30914K [0x00000000c0000000, 0x00000000c4300000, 0x00000000eab00000)
  object space 68608K, 45% used [0x00000000c0000000,0x00000000c1e308d0,0x00000000c4300000)
 Metaspace       used 47994K, committed 48896K, reserved 1097728K
  class space    used 5159K, committed 5568K, reserved 1048576K
}
Event: 8.682 GC heap after
{Heap after GC invocations=24 (full 2):
 PSYoungGen      total 19968K, used 1008K [0x00000000eab00000, 0x00000000ec300000, 0x0000000100000000)
  eden space 18944K, 0% used [0x00000000eab00000,0x00000000eab00000,0x00000000ebd80000)
  from space 1024K, 98% used [0x00000000ec000000,0x00000000ec0fc010,0x00000000ec100000)
  to   space 2560K, 0% used [0x00000000ebd80000,0x00000000ebd80000,0x00000000ec000000)
 ParOldGen       total 68608K, used 31790K [0x00000000c0000000, 0x00000000c4300000, 0x00000000eab00000)
  object space 68608K, 46% used [0x00000000c0000000,0x00000000c1f0b880,0x00000000c4300000)
 Metaspace       used 47994K, committed 48896K, reserved 1097728K
  class space    used 5159K, committed 5568K, reserved 1048576K
}
Event: 8.770 GC heap before
{Heap before GC invocations=25 (full 2):
 PSYoungGen      total 19968K, used 19952K [0x00000000eab00000, 0x00000000ec300000, 0x0000000100000000)
  eden space 18944K, 100% used [0x00000000eab00000,0x00000000ebd80000,0x00000000ebd80000)
  from space 1024K, 98% used [0x00000000ec000000,0x00000000ec0fc010,0x00000000ec100000)
  to   space 2560K, 0% used [0x00000000ebd80000,0x00000000ebd80000,0x00000000ec000000)
 ParOldGen       total 68608K, used 31790K [0x00000000c0000000, 0x00000000c4300000, 0x00000000eab00000)
  object space 68608K, 46% used [0x00000000c0000000,0x00000000c1f0b880,0x00000000c4300000)
 Metaspace       used 48028K, committed 48896K, reserved 1097728K
  class space    used 5164K, committed 5568K, reserved 1048576K
}
Event: 8.773 GC heap after
{Heap after GC invocations=25 (full 2):
 PSYoungGen      total 21504K, used 2080K [0x00000000eab00000, 0x00000000ec280000, 0x0000000100000000)
  eden space 18944K, 0% used [0x00000000eab00000,0x00000000eab00000,0x00000000ebd80000)
  from space 2560K, 81% used [0x00000000ebd80000,0x00000000ebf88020,0x00000000ec000000)
  to   space 2560K, 0% used [0x00000000ec000000,0x00000000ec000000,0x00000000ec280000)
 ParOldGen       total 68608K, used 32761K [0x00000000c0000000, 0x00000000c4300000, 0x00000000eab00000)
  object space 68608K, 47% used [0x00000000c0000000,0x00000000c1ffe4e0,0x00000000c4300000)
 Metaspace       used 48028K, committed 48896K, reserved 1097728K
  class space    used 5164K, committed 5568K, reserved 1048576K
}
Event: 8.881 GC heap before
{Heap before GC invocations=26 (full 2):
 PSYoungGen      total 21504K, used 21024K [0x00000000eab00000, 0x00000000ec280000, 0x0000000100000000)
  eden space 18944K, 100% used [0x00000000eab00000,0x00000000ebd80000,0x00000000ebd80000)
  from space 2560K, 81% used [0x00000000ebd80000,0x00000000ebf88020,0x00000000ec000000)
  to   space 2560K, 0% used [0x00000000ec000000,0x00000000ec000000,0x00000000ec280000)
 ParOldGen       total 68608K, used 32761K [0x00000000c0000000, 0x00000000c4300000, 0x00000000eab00000)
  object space 68608K, 47% used [0x00000000c0000000,0x00000000c1ffe4e0,0x00000000c4300000)
 Metaspace       used 48070K, committed 49024K, reserved 1097728K
  class space    used 5164K, committed 5568K, reserved 1048576K
}
Event: 8.884 GC heap after
{Heap after GC invocations=26 (full 2):
 PSYoungGen      total 20992K, used 1824K [0x00000000eab00000, 0x00000000ec200000, 0x0000000100000000)
  eden space 18944K, 0% used [0x00000000eab00000,0x00000000eab00000,0x00000000ebd80000)
  from space 2048K, 89% used [0x00000000ec000000,0x00000000ec1c8000,0x00000000ec200000)
  to   space 2048K, 0% used [0x00000000ebe00000,0x00000000ebe00000,0x00000000ec000000)
 ParOldGen       total 68608K, used 34713K [0x00000000c0000000, 0x00000000c4300000, 0x00000000eab00000)
  object space 68608K, 50% used [0x00000000c0000000,0x00000000c21e6500,0x00000000c4300000)
 Metaspace       used 48070K, committed 49024K, reserved 1097728K
  class space    used 5164K, committed 5568K, reserved 1048576K
}
Event: 9.463 GC heap before
{Heap before GC invocations=27 (full 2):
 PSYoungGen      total 20992K, used 20768K [0x00000000eab00000, 0x00000000ec200000, 0x0000000100000000)
  eden space 18944K, 100% used [0x00000000eab00000,0x00000000ebd80000,0x00000000ebd80000)
  from space 2048K, 89% used [0x00000000ec000000,0x00000000ec1c8000,0x00000000ec200000)
  to   space 2048K, 0% used [0x00000000ebe00000,0x00000000ebe00000,0x00000000ec000000)
 ParOldGen       total 68608K, used 34713K [0x00000000c0000000, 0x00000000c4300000, 0x00000000eab00000)
  object space 68608K, 50% used [0x00000000c0000000,0x00000000c21e6500,0x00000000c4300000)
 Metaspace       used 48816K, committed 49664K, reserved 1097728K
  class space    used 5231K, committed 5632K, reserved 1048576K
}
Event: 9.467 GC heap after
{Heap after GC invocations=27 (full 2):
 PSYoungGen      total 20480K, used 1369K [0x00000000eab00000, 0x00000000ec180000, 0x0000000100000000)
  eden space 18944K, 0% used [0x00000000eab00000,0x00000000eab00000,0x00000000ebd80000)
  from space 1536K, 89% used [0x00000000ebe00000,0x00000000ebf56480,0x00000000ebf80000)
  to   space 2048K, 0% used [0x00000000ebf80000,0x00000000ebf80000,0x00000000ec180000)
 ParOldGen       total 68608K, used 36425K [0x00000000c0000000, 0x00000000c4300000, 0x00000000eab00000)
  object space 68608K, 53% used [0x00000000c0000000,0x00000000c2392500,0x00000000c4300000)
 Metaspace       used 48816K, committed 49664K, reserved 1097728K
  class space    used 5231K, committed 5632K, reserved 1048576K
}
Event: 9.509 GC heap before
{Heap before GC invocations=28 (full 2):
 PSYoungGen      total 20480K, used 20313K [0x00000000eab00000, 0x00000000ec180000, 0x0000000100000000)
  eden space 18944K, 100% used [0x00000000eab00000,0x00000000ebd80000,0x00000000ebd80000)
  from space 1536K, 89% used [0x00000000ebe00000,0x00000000ebf56480,0x00000000ebf80000)
  to   space 2048K, 0% used [0x00000000ebf80000,0x00000000ebf80000,0x00000000ec180000)
 ParOldGen       total 68608K, used 36425K [0x00000000c0000000, 0x00000000c4300000, 0x00000000eab00000)
  object space 68608K, 53% used [0x00000000c0000000,0x00000000c2392500,0x00000000c4300000)
 Metaspace       used 48820K, committed 49664K, reserved 1097728K
  class space    used 5231K, committed 5632K, reserved 1048576K
}
Event: 9.512 GC heap after
{Heap after GC invocations=28 (full 2):
 PSYoungGen      total 18944K, used 2048K [0x00000000eab00000, 0x00000000ec580000, 0x0000000100000000)
  eden space 16896K, 0% used [0x00000000eab00000,0x00000000eab00000,0x00000000ebb80000)
  from space 2048K, 100% used [0x00000000ebf80000,0x00000000ec180000,0x00000000ec180000)
  to   space 4096K, 0% used [0x00000000ebb80000,0x00000000ebb80000,0x00000000ebf80000)
 ParOldGen       total 68608K, used 37662K [0x00000000c0000000, 0x00000000c4300000, 0x00000000eab00000)
  object space 68608K, 54% used [0x00000000c0000000,0x00000000c24c7880,0x00000000c4300000)
 Metaspace       used 48820K, committed 49664K, reserved 1097728K
  class space    used 5231K, committed 5632K, reserved 1048576K
}
Event: 9.558 GC heap before
{Heap before GC invocations=29 (full 2):
 PSYoungGen      total 18944K, used 18944K [0x00000000eab00000, 0x00000000ec580000, 0x0000000100000000)
  eden space 16896K, 100% used [0x00000000eab00000,0x00000000ebb80000,0x00000000ebb80000)
  from space 2048K, 100% used [0x00000000ebf80000,0x00000000ec180000,0x00000000ec180000)
  to   space 4096K, 0% used [0x00000000ebb80000,0x00000000ebb80000,0x00000000ebf80000)
 ParOldGen       total 68608K, used 37662K [0x00000000c0000000, 0x00000000c4300000, 0x00000000eab00000)
  object space 68608K, 54% used [0x00000000c0000000,0x00000000c24c7880,0x00000000c4300000)
 Metaspace       used 48820K, committed 49664K, reserved 1097728K
  class space    used 5231K, committed 5632K, reserved 1048576K
}
Event: 9.561 GC heap after
{Heap after GC invocations=29 (full 2):
 PSYoungGen      total 19456K, used 2048K [0x00000000eab00000, 0x00000000ec080000, 0x0000000100000000)
  eden space 16896K, 0% used [0x00000000eab00000,0x00000000eab00000,0x00000000ebb80000)
  from space 2560K, 80% used [0x00000000ebb80000,0x00000000ebd80010,0x00000000ebe00000)
  to   space 2560K, 0% used [0x00000000ebe00000,0x00000000ebe00000,0x00000000ec080000)
 ParOldGen       total 68608K, used 39638K [0x00000000c0000000, 0x00000000c4300000, 0x00000000eab00000)
  object space 68608K, 57% used [0x00000000c0000000,0x00000000c26b5880,0x00000000c4300000)
 Metaspace       used 48820K, committed 49664K, reserved 1097728K
  class space    used 5231K, committed 5632K, reserved 1048576K
}
Event: 9.636 GC heap before
{Heap before GC invocations=30 (full 2):
 PSYoungGen      total 19456K, used 18944K [0x00000000eab00000, 0x00000000ec080000, 0x0000000100000000)
  eden space 16896K, 100% used [0x00000000eab00000,0x00000000ebb80000,0x00000000ebb80000)
  from space 2560K, 80% used [0x00000000ebb80000,0x00000000ebd80010,0x00000000ebe00000)
  to   space 2560K, 0% used [0x00000000ebe00000,0x00000000ebe00000,0x00000000ec080000)
 ParOldGen       total 68608K, used 39638K [0x00000000c0000000, 0x00000000c4300000, 0x00000000eab00000)
  object space 68608K, 57% used [0x00000000c0000000,0x00000000c26b5880,0x00000000c4300000)
 Metaspace       used 48985K, committed 49792K, reserved 1097728K
  class space    used 5245K, committed 5632K, reserved 1048576K
}
Event: 9.639 GC heap after
{Heap after GC invocations=30 (full 2):
 PSYoungGen      total 18432K, used 1424K [0x00000000eab00000, 0x00000000ebf80000, 0x0000000100000000)
  eden space 16896K, 0% used [0x00000000eab00000,0x00000000eab00000,0x00000000ebb80000)
  from space 1536K, 92% used [0x00000000ebe00000,0x00000000ebf64010,0x00000000ebf80000)
  to   space 2048K, 0% used [0x00000000ebb80000,0x00000000ebb80000,0x00000000ebd80000)
 ParOldGen       total 68608K, used 41566K [0x00000000c0000000, 0x00000000c4300000, 0x00000000eab00000)
  object space 68608K, 60% used [0x00000000c0000000,0x00000000c2897890,0x00000000c4300000)
 Metaspace       used 48985K, committed 49792K, reserved 1097728K
  class space    used 5245K, committed 5632K, reserved 1048576K
}
Event: 10.162 GC heap before
{Heap before GC invocations=31 (full 2):
 PSYoungGen      total 18432K, used 18320K [0x00000000eab00000, 0x00000000ebf80000, 0x0000000100000000)
  eden space 16896K, 100% used [0x00000000eab00000,0x00000000ebb80000,0x00000000ebb80000)
  from space 1536K, 92% used [0x00000000ebe00000,0x00000000ebf64010,0x00000000ebf80000)
  to   space 2048K, 0% used [0x00000000ebb80000,0x00000000ebb80000,0x00000000ebd80000)
 ParOldGen       total 68608K, used 41566K [0x00000000c0000000, 0x00000000c4300000, 0x00000000eab00000)
  object space 68608K, 60% used [0x00000000c0000000,0x00000000c2897890,0x00000000c4300000)
 Metaspace       used 51153K, committed 52096K, reserved 1097728K
  class space    used 5473K, committed 5888K, reserved 1048576K
}
Event: 10.166 GC heap after
{Heap after GC invocations=31 (full 2):
 PSYoungGen      total 17920K, used 886K [0x00000000eab00000, 0x00000000ebe80000, 0x0000000100000000)
  eden space 16896K, 0% used [0x00000000eab00000,0x00000000eab00000,0x00000000ebb80000)
  from space 1024K, 86% used [0x00000000ebb80000,0x00000000ebc5da20,0x00000000ebc80000)
  to   space 1536K, 0% used [0x00000000ebd00000,0x00000000ebd00000,0x00000000ebe80000)
 ParOldGen       total 68608K, used 42766K [0x00000000c0000000, 0x00000000c4300000, 0x00000000eab00000)
  object space 68608K, 62% used [0x00000000c0000000,0x00000000c29c3890,0x00000000c4300000)
 Metaspace       used 51153K, committed 52096K, reserved 1097728K
  class space    used 5473K, committed 5888K, reserved 1048576K
}
Event: 10.852 GC heap before
{Heap before GC invocations=32 (full 2):
 PSYoungGen      total 17920K, used 17782K [0x00000000eab00000, 0x00000000ebe80000, 0x0000000100000000)
  eden space 16896K, 100% used [0x00000000eab00000,0x00000000ebb80000,0x00000000ebb80000)
  from space 1024K, 86% used [0x00000000ebb80000,0x00000000ebc5da20,0x00000000ebc80000)
  to   space 1536K, 0% used [0x00000000ebd00000,0x00000000ebd00000,0x00000000ebe80000)
 ParOldGen       total 68608K, used 42766K [0x00000000c0000000, 0x00000000c4300000, 0x00000000eab00000)
  object space 68608K, 62% used [0x00000000c0000000,0x00000000c29c3890,0x00000000c4300000)
 Metaspace       used 52081K, committed 53056K, reserved 1097728K
  class space    used 5597K, committed 6016K, reserved 1048576K
}
Event: 10.853 GC heap after
{Heap after GC invocations=32 (full 2):
 PSYoungGen      total 17408K, used 320K [0x00000000eab00000, 0x00000000ebd80000, 0x0000000100000000)
  eden space 16896K, 0% used [0x00000000eab00000,0x00000000eab00000,0x00000000ebb80000)
  from space 512K, 62% used [0x00000000ebd00000,0x00000000ebd50000,0x00000000ebd80000)
  to   space 1024K, 0% used [0x00000000ebb80000,0x00000000ebb80000,0x00000000ebc80000)
 ParOldGen       total 68608K, used 43463K [0x00000000c0000000, 0x00000000c4300000, 0x00000000eab00000)
  object space 68608K, 63% used [0x00000000c0000000,0x00000000c2a71e58,0x00000000c4300000)
 Metaspace       used 52081K, committed 53056K, reserved 1097728K
  class space    used 5597K, committed 6016K, reserved 1048576K
}

