# JRE version: OpenJDK Runtime Environment Temurin-17.0.4.1+1 (17.0.4.1+1) (build 17.0.4.1+1)
# Java VM: OpenJDK 64-Bit Server VM Temurin-17.0.4.1+1 (17.0.4.1+1, mixed mode, tiered, compressed oops, compressed class ptrs, parallel gc, windows-amd64)
GC Precious Log:
 CPUs: 8 total, 8 available
 Memory: 5965M
 Large Page Support: Disabled
 NUMA Support: Disabled
 Compressed Oops: Enabled (32-bit)
 Alignments: Space 512K, Generation 512K, Heap 2M
 Heap Min Capacity: 100M
 Heap Initial Capacity: 100M
 Heap Max Capacity: 1G
 Pre-touch: Disabled
 Parallel Workers: 8
Heap:
 PSYoungGen      total 22016K, used 12330K [0x00000000eab00000, 0x00000000ec380000, 0x0000000100000000)
  eden space 20992K, 53% used [0x00000000eab00000,0x00000000eb610b60,0x00000000ebf80000)
  from space 1024K, 97% used [0x00000000ec280000,0x00000000ec37a090,0x00000000ec380000)
  to   space 2048K, 0% used [0x00000000ebf80000,0x00000000ebf80000,0x00000000ec180000)
 ParOldGen       total 68608K, used 35370K [0x00000000c0000000, 0x00000000c4300000, 0x00000000eab00000)
  object space 68608K, 51% used [0x00000000c0000000,0x00000000c228a870,0x00000000c4300000)
 Metaspace       used 41627K, committed 42304K, reserved 1089536K
  class space    used 4219K, committed 4544K, reserved 1048576K
GC Heap History (20 events):
Event: 7.394 GC heap before
{Heap before GC invocations=15 (full 1):
 PSYoungGen      total 25088K, used 24480K [0x00000000eab00000, 0x00000000ec780000, 0x0000000100000000)
  eden space 22016K, 100% used [0x00000000eab00000,0x00000000ec080000,0x00000000ec080000)
  from space 3072K, 80% used [0x00000000ec180000,0x00000000ec3e8020,0x00000000ec480000)
  to   space 3072K, 0% used [0x00000000ec480000,0x00000000ec480000,0x00000000ec780000)
 ParOldGen       total 68608K, used 23390K [0x00000000c0000000, 0x00000000c4300000, 0x00000000eab00000)
  object space 68608K, 34% used [0x00000000c0000000,0x00000000c16d78f8,0x00000000c4300000)
 Metaspace       used 34835K, committed 35392K, reserved 1081344K
  class space    used 3520K, committed 3776K, reserved 1048576K
}
Event: 7.397 GC heap after
{Heap after GC invocations=15 (full 1):
 PSYoungGen      total 24064K, used 2048K [0x00000000eab00000, 0x00000000ec680000, 0x0000000100000000)
  eden space 22016K, 0% used [0x00000000eab00000,0x00000000eab00000,0x00000000ec080000)
  from space 2048K, 100% used [0x00000000ec480000,0x00000000ec680000,0x00000000ec680000)
  to   space 2560K, 0% used [0x00000000ec180000,0x00000000ec180000,0x00000000ec400000)
 ParOldGen       total 68608K, used 25739K [0x00000000c0000000, 0x00000000c4300000, 0x00000000eab00000)
  object space 68608K, 37% used [0x00000000c0000000,0x00000000c1922d60,0x00000000c4300000)
 Metaspace       used 34835K, committed 35392K, reserved 1081344K
  class space    used 3520K, committed 3776K, reserved 1048576K
}
Event: 7.439 GC heap before
{Heap before GC invocations=16 (full 1):
 PSYoungGen      total 24064K, used 24064K [0x00000000eab00000, 0x00000000ec680000, 0x0000000100000000)
  eden space 22016K, 100% used [0x00000000eab00000,0x00000000ec080000,0x00000000ec080000)
  from space 2048K, 100% used [0x00000000ec480000,0x00000000ec680000,0x00000000ec680000)
  to   space 2560K, 0% used [0x00000000ec180000,0x00000000ec180000,0x00000000ec400000)
 ParOldGen       total 68608K, used 25739K [0x00000000c0000000, 0x00000000c4300000, 0x00000000eab00000)
  object space 68608K, 37% used [0x00000000c0000000,0x00000000c1922d60,0x00000000c4300000)
 Metaspace       used 34835K, committed 35392K, reserved 1081344K
  class space    used 3520K, committed 3776K, reserved 1048576K
}
Event: 7.442 GC heap after
{Heap after GC invocations=16 (full 1):
 PSYoungGen      total 24576K, used 2272K [0x00000000eab00000, 0x00000000ec580000, 0x0000000100000000)
  eden space 22016K, 0% used [0x00000000eab00000,0x00000000eab00000,0x00000000ec080000)
  from space 2560K, 88% used [0x00000000ec180000,0x00000000ec3b8010,0x00000000ec400000)
  to   space 1536K, 0% used [0x00000000ec400000,0x00000000ec400000,0x00000000ec580000)
 ParOldGen       total 68608K, used 27723K [0x00000000c0000000, 0x00000000c4300000, 0x00000000eab00000)
  object space 68608K, 40% used [0x00000000c0000000,0x00000000c1b12d60,0x00000000c4300000)
 Metaspace       used 34835K, committed 35392K, reserved 1081344K
  class space    used 3520K, committed 3776K, reserved 1048576K
}
Event: 7.489 GC heap before
{Heap before GC invocations=17 (full 1):
 PSYoungGen      total 24576K, used 24288K [0x00000000eab00000, 0x00000000ec580000, 0x0000000100000000)
  eden space 22016K, 100% used [0x00000000eab00000,0x00000000ec080000,0x00000000ec080000)
  from space 2560K, 88% used [0x00000000ec180000,0x00000000ec3b8010,0x00000000ec400000)
  to   space 1536K, 0% used [0x00000000ec400000,0x00000000ec400000,0x00000000ec580000)
 ParOldGen       total 68608K, used 27723K [0x00000000c0000000, 0x00000000c4300000, 0x00000000eab00000)
  object space 68608K, 40% used [0x00000000c0000000,0x00000000c1b12d60,0x00000000c4300000)
 Metaspace       used 34835K, committed 35392K, reserved 1081344K
  class space    used 3520K, committed 3776K, reserved 1048576K
}
Event: 7.492 GC heap after
{Heap after GC invocations=17 (full 1):
 PSYoungGen      total 22528K, used 1536K [0x00000000eab00000, 0x00000000ec980000, 0x0000000100000000)
  eden space 20992K, 0% used [0x00000000eab00000,0x00000000eab00000,0x00000000ebf80000)
  from space 1536K, 100% used [0x00000000ec400000,0x00000000ec580000,0x00000000ec580000)
  to   space 4608K, 0% used [0x00000000ebf80000,0x00000000ebf80000,0x00000000ec400000)
 ParOldGen       total 68608K, used 30147K [0x00000000c0000000, 0x00000000c4300000, 0x00000000eab00000)
  object space 68608K, 43% used [0x00000000c0000000,0x00000000c1d70d70,0x00000000c4300000)
 Metaspace       used 34835K, committed 35392K, reserved 1081344K
  class space    used 3520K, committed 3776K, reserved 1048576K
}
Event: 9.950 GC heap before
{Heap before GC invocations=18 (full 1):
 PSYoungGen      total 22528K, used 6297K [0x00000000eab00000, 0x00000000ec980000, 0x0000000100000000)
  eden space 20992K, 22% used [0x00000000eab00000,0x00000000eafa6718,0x00000000ebf80000)
  from space 1536K, 100% used [0x00000000ec400000,0x00000000ec580000,0x00000000ec580000)
  to   space 4608K, 0% used [0x00000000ebf80000,0x00000000ebf80000,0x00000000ec400000)
 ParOldGen       total 68608K, used 30147K [0x00000000c0000000, 0x00000000c4300000, 0x00000000eab00000)
  object space 68608K, 43% used [0x00000000c0000000,0x00000000c1d70d70,0x00000000c4300000)
 Metaspace       used 35259K, committed 35840K, reserved 1089536K
  class space    used 3559K, committed 3840K, reserved 1048576K
}
Event: 9.953 GC heap after
{Heap after GC invocations=18 (full 1):
 PSYoungGen      total 22528K, used 1484K [0x00000000eab00000, 0x00000000ec580000, 0x0000000100000000)
  eden space 20992K, 0% used [0x00000000eab00000,0x00000000eab00000,0x00000000ebf80000)
  from space 1536K, 96% used [0x00000000ebf80000,0x00000000ec0f32b8,0x00000000ec100000)
  to   space 2560K, 0% used [0x00000000ec300000,0x00000000ec300000,0x00000000ec580000)
 ParOldGen       total 68608K, used 31712K [0x00000000c0000000, 0x00000000c4300000, 0x00000000eab00000)
  object space 68608K, 46% used [0x00000000c0000000,0x00000000c1ef80c8,0x00000000c4300000)
 Metaspace       used 35259K, committed 35840K, reserved 1089536K
  class space    used 3559K, committed 3840K, reserved 1048576K
}
Event: 9.953 GC heap before
{Heap before GC invocations=19 (full 2):
 PSYoungGen      total 22528K, used 1484K [0x00000000eab00000, 0x00000000ec580000, 0x0000000100000000)
  eden space 20992K, 0% used [0x00000000eab00000,0x00000000eab00000,0x00000000ebf80000)
  from space 1536K, 96% used [0x00000000ebf80000,0x00000000ec0f32b8,0x00000000ec100000)
  to   space 2560K, 0% used [0x00000000ec300000,0x00000000ec300000,0x00000000ec580000)
 ParOldGen       total 68608K, used 31712K [0x00000000c0000000, 0x00000000c4300000, 0x00000000eab00000)
  object space 68608K, 46% used [0x00000000c0000000,0x00000000c1ef80c8,0x00000000c4300000)
 Metaspace       used 35259K, committed 35840K, reserved 1089536K
  class space    used 3559K, committed 3840K, reserved 1048576K
}
Event: 9.992 GC heap after
{Heap after GC invocations=19 (full 2):
 PSYoungGen      total 22528K, used 0K [0x00000000eab00000, 0x00000000ec580000, 0x0000000100000000)
  eden space 20992K, 0% used [0x00000000eab00000,0x00000000eab00000,0x00000000ebf80000)
  from space 1536K, 0% used [0x00000000ebf80000,0x00000000ebf80000,0x00000000ec100000)
  to   space 2560K, 0% used [0x00000000ec300000,0x00000000ec300000,0x00000000ec580000)
 ParOldGen       total 68608K, used 32275K [0x00000000c0000000, 0x00000000c4300000, 0x00000000eab00000)
  object space 68608K, 47% used [0x00000000c0000000,0x00000000c1f84d30,0x00000000c4300000)
 Metaspace       used 35259K, committed 35840K, reserved 1089536K
  class space    used 3559K, committed 3840K, reserved 1048576K
}
Event: 10.597 GC heap before
{Heap before GC invocations=20 (full 2):
 PSYoungGen      total 22528K, used 20957K [0x00000000eab00000, 0x00000000ec580000, 0x0000000100000000)
  eden space 20992K, 99% used [0x00000000eab00000,0x00000000ebf777e8,0x00000000ebf80000)
  from space 1536K, 0% used [0x00000000ebf80000,0x00000000ebf80000,0x00000000ec100000)
  to   space 2560K, 0% used [0x00000000ec300000,0x00000000ec300000,0x00000000ec580000)
 ParOldGen       total 68608K, used 32275K [0x00000000c0000000, 0x00000000c4300000, 0x00000000eab00000)
  object space 68608K, 47% used [0x00000000c0000000,0x00000000c1f84d30,0x00000000c4300000)
 Metaspace       used 37285K, committed 37888K, reserved 1089536K
  class space    used 3834K, committed 4096K, reserved 1048576K
}
Event: 10.599 GC heap after
{Heap after GC invocations=20 (full 2):
 PSYoungGen      total 22016K, used 694K [0x00000000eab00000, 0x00000000ec400000, 0x0000000100000000)
  eden space 20992K, 0% used [0x00000000eab00000,0x00000000eab00000,0x00000000ebf80000)
  from space 1024K, 67% used [0x00000000ec300000,0x00000000ec3ada20,0x00000000ec400000)
  to   space 1536K, 0% used [0x00000000ec100000,0x00000000ec100000,0x00000000ec280000)
 ParOldGen       total 68608K, used 32283K [0x00000000c0000000, 0x00000000c4300000, 0x00000000eab00000)
  object space 68608K, 47% used [0x00000000c0000000,0x00000000c1f86d30,0x00000000c4300000)
 Metaspace       used 37285K, committed 37888K, reserved 1089536K
  class space    used 3834K, committed 4096K, reserved 1048576K
}
Event: 11.355 GC heap before
{Heap before GC invocations=21 (full 2):
 PSYoungGen      total 22016K, used 21643K [0x00000000eab00000, 0x00000000ec400000, 0x0000000100000000)
  eden space 20992K, 99% used [0x00000000eab00000,0x00000000ebf75530,0x00000000ebf80000)
  from space 1024K, 67% used [0x00000000ec300000,0x00000000ec3ada20,0x00000000ec400000)
  to   space 1536K, 0% used [0x00000000ec100000,0x00000000ec100000,0x00000000ec280000)
 ParOldGen       total 68608K, used 32283K [0x00000000c0000000, 0x00000000c4300000, 0x00000000eab00000)
  object space 68608K, 47% used [0x00000000c0000000,0x00000000c1f86d30,0x00000000c4300000)
 Metaspace       used 38737K, committed 39296K, reserved 1089536K
  class space    used 3976K, committed 4224K, reserved 1048576K
}
Event: 11.356 GC heap after
{Heap after GC invocations=21 (full 2):
 PSYoungGen      total 22528K, used 480K [0x00000000eab00000, 0x00000000ec380000, 0x0000000100000000)
  eden space 20992K, 0% used [0x00000000eab00000,0x00000000eab00000,0x00000000ebf80000)
  from space 1536K, 31% used [0x00000000ec100000,0x00000000ec178000,0x00000000ec280000)
  to   space 1024K, 0% used [0x00000000ec280000,0x00000000ec280000,0x00000000ec380000)
 ParOldGen       total 68608K, used 32904K [0x00000000c0000000, 0x00000000c4300000, 0x00000000eab00000)
  object space 68608K, 47% used [0x00000000c0000000,0x00000000c20222d8,0x00000000c4300000)
 Metaspace       used 38737K, committed 39296K, reserved 1089536K
  class space    used 3976K, committed 4224K, reserved 1048576K
}
Event: 11.805 GC heap before
{Heap before GC invocations=22 (full 2):
 PSYoungGen      total 22528K, used 21472K [0x00000000eab00000, 0x00000000ec380000, 0x0000000100000000)
  eden space 20992K, 100% used [0x00000000eab00000,0x00000000ebf80000,0x00000000ebf80000)
  from space 1536K, 31% used [0x00000000ec100000,0x00000000ec178000,0x00000000ec280000)
  to   space 1024K, 0% used [0x00000000ec280000,0x00000000ec280000,0x00000000ec380000)
 ParOldGen       total 68608K, used 32904K [0x00000000c0000000, 0x00000000c4300000, 0x00000000eab00000)
  object space 68608K, 47% used [0x00000000c0000000,0x00000000c20222d8,0x00000000c4300000)
 Metaspace       used 39950K, committed 40576K, reserved 1089536K
  class space    used 4075K, committed 4352K, reserved 1048576K
}
Event: 11.806 GC heap after
{Heap after GC invocations=22 (full 2):
 PSYoungGen      total 21504K, used 448K [0x00000000eab00000, 0x00000000ec300000, 0x0000000100000000)
  eden space 20992K, 0% used [0x00000000eab00000,0x00000000eab00000,0x00000000ebf80000)
  from space 512K, 87% used [0x00000000ec280000,0x00000000ec2f0000,0x00000000ec300000)
  to   space 512K, 0% used [0x00000000ec200000,0x00000000ec200000,0x00000000ec280000)
 ParOldGen       total 68608K, used 33296K [0x00000000c0000000, 0x00000000c4300000, 0x00000000eab00000)
  object space 68608K, 48% used [0x00000000c0000000,0x00000000c20842d8,0x00000000c4300000)
 Metaspace       used 39950K, committed 40576K, reserved 1089536K
  class space    used 4075K, committed 4352K, reserved 1048576K
}
Event: 12.064 GC heap before
{Heap before GC invocations=23 (full 2):
 PSYoungGen      total 21504K, used 21440K [0x00000000eab00000, 0x00000000ec300000, 0x0000000100000000)
  eden space 20992K, 100% used [0x00000000eab00000,0x00000000ebf80000,0x00000000ebf80000)
  from space 512K, 87% used [0x00000000ec280000,0x00000000ec2f0000,0x00000000ec300000)
  to   space 512K, 0% used [0x00000000ec200000,0x00000000ec200000,0x00000000ec280000)
 ParOldGen       total 68608K, used 33296K [0x00000000c0000000, 0x00000000c4300000, 0x00000000eab00000)
  object space 68608K, 48% used [0x00000000c0000000,0x00000000c20842d8,0x00000000c4300000)
 Metaspace       used 40457K, committed 41088K, reserved 1089536K
  class space    used 4102K, committed 4352K, reserved 1048576K
}
Event: 12.066 GC heap after
{Heap after GC invocations=23 (full 2):
 PSYoungGen      total 21504K, used 497K [0x00000000eab00000, 0x00000000ec380000, 0x0000000100000000)
  eden space 20992K, 0% used [0x00000000eab00000,0x00000000eab00000,0x00000000ebf80000)
  from space 512K, 97% used [0x00000000ec200000,0x00000000ec27c700,0x00000000ec280000)
  to   space 1024K, 0% used [0x00000000ec280000,0x00000000ec280000,0x00000000ec380000)
 ParOldGen       total 68608K, used 34525K [0x00000000c0000000, 0x00000000c4300000, 0x00000000eab00000)
  object space 68608K, 50% used [0x00000000c0000000,0x00000000c21b77b0,0x00000000c4300000)
 Metaspace       used 40457K, committed 41088K, reserved 1089536K
  class space    used 4102K, committed 4352K, reserved 1048576K
}
Event: 13.173 GC heap before
{Heap before GC invocations=24 (full 2):
 PSYoungGen      total 21504K, used 21489K [0x00000000eab00000, 0x00000000ec380000, 0x0000000100000000)
  eden space 20992K, 100% used [0x00000000eab00000,0x00000000ebf80000,0x00000000ebf80000)
  from space 512K, 97% used [0x00000000ec200000,0x00000000ec27c700,0x00000000ec280000)
  to   space 1024K, 0% used [0x00000000ec280000,0x00000000ec280000,0x00000000ec380000)
 ParOldGen       total 68608K, used 34525K [0x00000000c0000000, 0x00000000c4300000, 0x00000000eab00000)
  object space 68608K, 50% used [0x00000000c0000000,0x00000000c21b77b0,0x00000000c4300000)
 Metaspace       used 40480K, committed 41088K, reserved 1089536K
  class space    used 4102K, committed 4352K, reserved 1048576K
}
Event: 13.174 GC heap after
{Heap after GC invocations=24 (full 2):
 PSYoungGen      total 22016K, used 1000K [0x00000000eab00000, 0x00000000ec380000, 0x0000000100000000)
  eden space 20992K, 0% used [0x00000000eab00000,0x00000000eab00000,0x00000000ebf80000)
  from space 1024K, 97% used [0x00000000ec280000,0x00000000ec37a090,0x00000000ec380000)
  to   space 2048K, 0% used [0x00000000ebf80000,0x00000000ebf80000,0x00000000ec180000)
 ParOldGen       total 68608K, used 35370K [0x00000000c0000000, 0x00000000c4300000, 0x00000000eab00000)
  object space 68608K, 51% used [0x00000000c0000000,0x00000000c228a870,0x00000000c4300000)
 Metaspace       used 40480K, committed 41088K, reserved 1089536K
  class space    used 4102K, committed 4352K, reserved 1048576K
}

