# JRE version: OpenJDK Runtime Environment Temurin-17.0.4.1+1 (17.0.4.1+1) (build 17.0.4.1+1)
# Java VM: OpenJDK 64-Bit Server VM Temurin-17.0.4.1+1 (17.0.4.1+1, mixed mode, tiered, compressed oops, compressed class ptrs, parallel gc, windows-amd64)
GC Precious Log:
 CPUs: 8 total, 8 available
 Memory: 5965M
 Large Page Support: Disabled
 NUMA Support: Disabled
 Compressed Oops: Enabled (32-bit)
 Alignments: Space 512K, Generation 512K, Heap 2M
 Heap Min Capacity: 100M
 Heap Initial Capacity: 100M
 Heap Max Capacity: 1G
 Pre-touch: Disabled
 Parallel Workers: 8
Heap:
 PSYoungGen      total 18432K, used 6752K [0x00000000eab00000, 0x00000000ec000000, 0x0000000100000000)
  eden space 16896K, 32% used [0x00000000eab00000,0x00000000eb060068,0x00000000ebb80000)
  from space 1536K, 81% used [0x00000000ebb80000,0x00000000ebcb8000,0x00000000ebd00000)
  to   space 2048K, 0% used [0x00000000ebe00000,0x00000000ebe00000,0x00000000ec000000)
 ParOldGen       total 68608K, used 63964K [0x00000000c0000000, 0x00000000c4300000, 0x00000000eab00000)
  object space 68608K, 93% used [0x00000000c0000000,0x00000000c3e770d0,0x00000000c4300000)
 Metaspace       used 60993K, committed 62016K, reserved 1105920K
  class space    used 6246K, committed 6720K, reserved 1048576K
GC Heap History (20 events):
Event: 11.065 GC heap before
{Heap before GC invocations=41 (full 2):
 PSYoungGen      total 18432K, used 18404K [0x00000000eab00000, 0x00000000ec480000, 0x0000000100000000)
  eden space 16896K, 100% used [0x00000000eab00000,0x00000000ebb80000,0x00000000ebb80000)
  from space 1536K, 98% used [0x00000000ebf00000,0x00000000ec0793d0,0x00000000ec080000)
  to   space 3584K, 0% used [0x00000000ebb80000,0x00000000ebb80000,0x00000000ebf00000)
 ParOldGen       total 68608K, used 53661K [0x00000000c0000000, 0x00000000c4300000, 0x00000000eab00000)
  object space 68608K, 78% used [0x00000000c0000000,0x00000000c3467790,0x00000000c4300000)
 Metaspace       used 58767K, committed 59776K, reserved 1105920K
  class space    used 6129K, committed 6592K, reserved 1048576K
}
Event: 11.068 GC heap after
{Heap after GC invocations=41 (full 2):
 PSYoungGen      total 18944K, used 1728K [0x00000000eab00000, 0x00000000ec080000, 0x0000000100000000)
  eden space 16896K, 0% used [0x00000000eab00000,0x00000000eab00000,0x00000000ebb80000)
  from space 2048K, 84% used [0x00000000ebb80000,0x00000000ebd300f0,0x00000000ebd80000)
  to   space 2560K, 0% used [0x00000000ebe00000,0x00000000ebe00000,0x00000000ec080000)
 ParOldGen       total 68608K, used 55184K [0x00000000c0000000, 0x00000000c4300000, 0x00000000eab00000)
  object space 68608K, 80% used [0x00000000c0000000,0x00000000c35e4390,0x00000000c4300000)
 Metaspace       used 58767K, committed 59776K, reserved 1105920K
  class space    used 6129K, committed 6592K, reserved 1048576K
}
Event: 11.087 GC heap before
{Heap before GC invocations=42 (full 2):
 PSYoungGen      total 18944K, used 3611K [0x00000000eab00000, 0x00000000ec080000, 0x0000000100000000)
  eden space 16896K, 11% used [0x00000000eab00000,0x00000000eacd6d10,0x00000000ebb80000)
  from space 2048K, 84% used [0x00000000ebb80000,0x00000000ebd300f0,0x00000000ebd80000)
  to   space 2560K, 0% used [0x00000000ebe00000,0x00000000ebe00000,0x00000000ec080000)
 ParOldGen       total 68608K, used 55184K [0x00000000c0000000, 0x00000000c4300000, 0x00000000eab00000)
  object space 68608K, 80% used [0x00000000c0000000,0x00000000c35e4390,0x00000000c4300000)
 Metaspace       used 58817K, committed 59776K, reserved 1105920K
  class space    used 6129K, committed 6592K, reserved 1048576K
}
Event: 11.089 GC heap after
{Heap after GC invocations=42 (full 2):
 PSYoungGen      total 17408K, used 352K [0x00000000eab00000, 0x00000000ebe80000, 0x0000000100000000)
  eden space 16896K, 0% used [0x00000000eab00000,0x00000000eab00000,0x00000000ebb80000)
  from space 512K, 68% used [0x00000000ebe00000,0x00000000ebe58000,0x00000000ebe80000)
  to   space 1024K, 0% used [0x00000000ebc80000,0x00000000ebc80000,0x00000000ebd80000)
 ParOldGen       total 68608K, used 56857K [0x00000000c0000000, 0x00000000c4300000, 0x00000000eab00000)
  object space 68608K, 82% used [0x00000000c0000000,0x00000000c3786408,0x00000000c4300000)
 Metaspace       used 58817K, committed 59776K, reserved 1105920K
  class space    used 6129K, committed 6592K, reserved 1048576K
}
Event: 11.089 GC heap before
{Heap before GC invocations=43 (full 3):
 PSYoungGen      total 17408K, used 352K [0x00000000eab00000, 0x00000000ebe80000, 0x0000000100000000)
  eden space 16896K, 0% used [0x00000000eab00000,0x00000000eab00000,0x00000000ebb80000)
  from space 512K, 68% used [0x00000000ebe00000,0x00000000ebe58000,0x00000000ebe80000)
  to   space 1024K, 0% used [0x00000000ebc80000,0x00000000ebc80000,0x00000000ebd80000)
 ParOldGen       total 68608K, used 56857K [0x00000000c0000000, 0x00000000c4300000, 0x00000000eab00000)
  object space 68608K, 82% used [0x00000000c0000000,0x00000000c3786408,0x00000000c4300000)
 Metaspace       used 58817K, committed 59776K, reserved 1105920K
  class space    used 6129K, committed 6592K, reserved 1048576K
}
Event: 11.154 GC heap after
{Heap after GC invocations=43 (full 3):
 PSYoungGen      total 17408K, used 0K [0x00000000eab00000, 0x00000000ebe80000, 0x0000000100000000)
  eden space 16896K, 0% used [0x00000000eab00000,0x00000000eab00000,0x00000000ebb80000)
  from space 512K, 0% used [0x00000000ebe00000,0x00000000ebe00000,0x00000000ebe80000)
  to   space 1024K, 0% used [0x00000000ebc80000,0x00000000ebc80000,0x00000000ebd80000)
 ParOldGen       total 68608K, used 51368K [0x00000000c0000000, 0x00000000c4300000, 0x00000000eab00000)
  object space 68608K, 74% used [0x00000000c0000000,0x00000000c322a1d0,0x00000000c4300000)
 Metaspace       used 58817K, committed 59776K, reserved 1105920K
  class space    used 6129K, committed 6592K, reserved 1048576K
}
Event: 11.400 GC heap before
{Heap before GC invocations=44 (full 3):
 PSYoungGen      total 17408K, used 16853K [0x00000000eab00000, 0x00000000ebe80000, 0x0000000100000000)
  eden space 16896K, 99% used [0x00000000eab00000,0x00000000ebb75460,0x00000000ebb80000)
  from space 512K, 0% used [0x00000000ebe00000,0x00000000ebe00000,0x00000000ebe80000)
  to   space 1024K, 0% used [0x00000000ebc80000,0x00000000ebc80000,0x00000000ebd80000)
 ParOldGen       total 68608K, used 51368K [0x00000000c0000000, 0x00000000c4300000, 0x00000000eab00000)
  object space 68608K, 74% used [0x00000000c0000000,0x00000000c322a1d0,0x00000000c4300000)
 Metaspace       used 59194K, committed 60224K, reserved 1105920K
  class space    used 6138K, committed 6592K, reserved 1048576K
}
Event: 11.402 GC heap after
{Heap after GC invocations=44 (full 3):
 PSYoungGen      total 17920K, used 1016K [0x00000000eab00000, 0x00000000ec880000, 0x0000000100000000)
  eden space 16896K, 0% used [0x00000000eab00000,0x00000000eab00000,0x00000000ebb80000)
  from space 1024K, 99% used [0x00000000ebc80000,0x00000000ebd7e028,0x00000000ebd80000)
  to   space 6656K, 0% used [0x00000000ec200000,0x00000000ec200000,0x00000000ec880000)
 ParOldGen       total 68608K, used 55685K [0x00000000c0000000, 0x00000000c4300000, 0x00000000eab00000)
  object space 68608K, 81% used [0x00000000c0000000,0x00000000c3661790,0x00000000c4300000)
 Metaspace       used 59194K, committed 60224K, reserved 1105920K
  class space    used 6138K, committed 6592K, reserved 1048576K
}
Event: 11.649 GC heap before
{Heap before GC invocations=45 (full 3):
 PSYoungGen      total 17920K, used 17912K [0x00000000eab00000, 0x00000000ec880000, 0x0000000100000000)
  eden space 16896K, 100% used [0x00000000eab00000,0x00000000ebb80000,0x00000000ebb80000)
  from space 1024K, 99% used [0x00000000ebc80000,0x00000000ebd7e028,0x00000000ebd80000)
  to   space 6656K, 0% used [0x00000000ec200000,0x00000000ec200000,0x00000000ec880000)
 ParOldGen       total 68608K, used 55685K [0x00000000c0000000, 0x00000000c4300000, 0x00000000eab00000)
  object space 68608K, 81% used [0x00000000c0000000,0x00000000c3661790,0x00000000c4300000)
 Metaspace       used 60044K, committed 60992K, reserved 1105920K
  class space    used 6215K, committed 6592K, reserved 1048576K
}
Event: 11.654 GC heap after
{Heap after GC invocations=45 (full 3):
 PSYoungGen      total 19456K, used 2434K [0x00000000eab00000, 0x00000000ec480000, 0x0000000100000000)
  eden space 16896K, 0% used [0x00000000eab00000,0x00000000eab00000,0x00000000ebb80000)
  from space 2560K, 95% used [0x00000000ec200000,0x00000000ec460978,0x00000000ec480000)
  to   space 3584K, 0% used [0x00000000ebd80000,0x00000000ebd80000,0x00000000ec100000)
 ParOldGen       total 68608K, used 55941K [0x00000000c0000000, 0x00000000c4300000, 0x00000000eab00000)
  object space 68608K, 81% used [0x00000000c0000000,0x00000000c36a1790,0x00000000c4300000)
 Metaspace       used 60044K, committed 60992K, reserved 1105920K
  class space    used 6215K, committed 6592K, reserved 1048576K
}
Event: 11.870 GC heap before
{Heap before GC invocations=46 (full 3):
 PSYoungGen      total 19456K, used 19330K [0x00000000eab00000, 0x00000000ec480000, 0x0000000100000000)
  eden space 16896K, 100% used [0x00000000eab00000,0x00000000ebb80000,0x00000000ebb80000)
  from space 2560K, 95% used [0x00000000ec200000,0x00000000ec460978,0x00000000ec480000)
  to   space 3584K, 0% used [0x00000000ebd80000,0x00000000ebd80000,0x00000000ec100000)
 ParOldGen       total 68608K, used 55941K [0x00000000c0000000, 0x00000000c4300000, 0x00000000eab00000)
  object space 68608K, 81% used [0x00000000c0000000,0x00000000c36a1790,0x00000000c4300000)
 Metaspace       used 60248K, committed 61248K, reserved 1105920K
  class space    used 6220K, committed 6656K, reserved 1048576K
}
Event: 11.872 GC heap after
{Heap after GC invocations=46 (full 3):
 PSYoungGen      total 19456K, used 2336K [0x00000000eab00000, 0x00000000ec280000, 0x0000000100000000)
  eden space 16896K, 0% used [0x00000000eab00000,0x00000000eab00000,0x00000000ebb80000)
  from space 2560K, 91% used [0x00000000ebd80000,0x00000000ebfc8000,0x00000000ec000000)
  to   space 2560K, 0% used [0x00000000ec000000,0x00000000ec000000,0x00000000ec280000)
 ParOldGen       total 68608K, used 58214K [0x00000000c0000000, 0x00000000c4300000, 0x00000000eab00000)
  object space 68608K, 84% used [0x00000000c0000000,0x00000000c38d9998,0x00000000c4300000)
 Metaspace       used 60248K, committed 61248K, reserved 1105920K
  class space    used 6220K, committed 6656K, reserved 1048576K
}
Event: 12.029 GC heap before
{Heap before GC invocations=47 (full 3):
 PSYoungGen      total 19456K, used 19232K [0x00000000eab00000, 0x00000000ec280000, 0x0000000100000000)
  eden space 16896K, 100% used [0x00000000eab00000,0x00000000ebb80000,0x00000000ebb80000)
  from space 2560K, 91% used [0x00000000ebd80000,0x00000000ebfc8000,0x00000000ec000000)
  to   space 2560K, 0% used [0x00000000ec000000,0x00000000ec000000,0x00000000ec280000)
 ParOldGen       total 68608K, used 58214K [0x00000000c0000000, 0x00000000c4300000, 0x00000000eab00000)
  object space 68608K, 84% used [0x00000000c0000000,0x00000000c38d9998,0x00000000c4300000)
 Metaspace       used 60401K, committed 61376K, reserved 1105920K
  class space    used 6221K, committed 6656K, reserved 1048576K
}
Event: 12.032 GC heap after
{Heap after GC invocations=47 (full 3):
 PSYoungGen      total 18432K, used 1264K [0x00000000eab00000, 0x00000000ec180000, 0x0000000100000000)
  eden space 16896K, 0% used [0x00000000eab00000,0x00000000eab00000,0x00000000ebb80000)
  from space 1536K, 82% used [0x00000000ec000000,0x00000000ec13c010,0x00000000ec180000)
  to   space 2048K, 0% used [0x00000000ebd80000,0x00000000ebd80000,0x00000000ebf80000)
 ParOldGen       total 68608K, used 60260K [0x00000000c0000000, 0x00000000c4300000, 0x00000000eab00000)
  object space 68608K, 87% used [0x00000000c0000000,0x00000000c3ad90c0,0x00000000c4300000)
 Metaspace       used 60401K, committed 61376K, reserved 1105920K
  class space    used 6221K, committed 6656K, reserved 1048576K
}
Event: 12.196 GC heap before
{Heap before GC invocations=48 (full 3):
 PSYoungGen      total 18432K, used 18160K [0x00000000eab00000, 0x00000000ec180000, 0x0000000100000000)
  eden space 16896K, 100% used [0x00000000eab00000,0x00000000ebb80000,0x00000000ebb80000)
  from space 1536K, 82% used [0x00000000ec000000,0x00000000ec13c010,0x00000000ec180000)
  to   space 2048K, 0% used [0x00000000ebd80000,0x00000000ebd80000,0x00000000ebf80000)
 ParOldGen       total 68608K, used 60260K [0x00000000c0000000, 0x00000000c4300000, 0x00000000eab00000)
  object space 68608K, 87% used [0x00000000c0000000,0x00000000c3ad90c0,0x00000000c4300000)
 Metaspace       used 60630K, committed 61632K, reserved 1105920K
  class space    used 6241K, committed 6656K, reserved 1048576K
}
Event: 12.199 GC heap after
{Heap after GC invocations=48 (full 3):
 PSYoungGen      total 18944K, used 1600K [0x00000000eab00000, 0x00000000ec080000, 0x0000000100000000)
  eden space 16896K, 0% used [0x00000000eab00000,0x00000000eab00000,0x00000000ebb80000)
  from space 2048K, 78% used [0x00000000ebd80000,0x00000000ebf10000,0x00000000ebf80000)
  to   space 1024K, 0% used [0x00000000ebf80000,0x00000000ebf80000,0x00000000ec080000)
 ParOldGen       total 68608K, used 61324K [0x00000000c0000000, 0x00000000c4300000, 0x00000000eab00000)
  object space 68608K, 89% used [0x00000000c0000000,0x00000000c3be30c0,0x00000000c4300000)
 Metaspace       used 60630K, committed 61632K, reserved 1105920K
  class space    used 6241K, committed 6656K, reserved 1048576K
}
Event: 12.366 GC heap before
{Heap before GC invocations=49 (full 3):
 PSYoungGen      total 18944K, used 18496K [0x00000000eab00000, 0x00000000ec080000, 0x0000000100000000)
  eden space 16896K, 100% used [0x00000000eab00000,0x00000000ebb80000,0x00000000ebb80000)
  from space 2048K, 78% used [0x00000000ebd80000,0x00000000ebf10000,0x00000000ebf80000)
  to   space 1024K, 0% used [0x00000000ebf80000,0x00000000ebf80000,0x00000000ec080000)
 ParOldGen       total 68608K, used 61324K [0x00000000c0000000, 0x00000000c4300000, 0x00000000eab00000)
  object space 68608K, 89% used [0x00000000c0000000,0x00000000c3be30c0,0x00000000c4300000)
 Metaspace       used 60760K, committed 61760K, reserved 1105920K
  class space    used 6243K, committed 6656K, reserved 1048576K
}
Event: 12.368 GC heap after
{Heap after GC invocations=49 (full 3):
 PSYoungGen      total 17920K, used 1024K [0x00000000eab00000, 0x00000000ec180000, 0x0000000100000000)
  eden space 16896K, 0% used [0x00000000eab00000,0x00000000eab00000,0x00000000ebb80000)
  from space 1024K, 100% used [0x00000000ebf80000,0x00000000ec080000,0x00000000ec080000)
  to   space 3072K, 0% used [0x00000000ebb80000,0x00000000ebb80000,0x00000000ebe80000)
 ParOldGen       total 68608K, used 62940K [0x00000000c0000000, 0x00000000c4300000, 0x00000000eab00000)
  object space 68608K, 91% used [0x00000000c0000000,0x00000000c3d770d0,0x00000000c4300000)
 Metaspace       used 60760K, committed 61760K, reserved 1105920K
  class space    used 6243K, committed 6656K, reserved 1048576K
}
Event: 12.539 GC heap before
{Heap before GC invocations=50 (full 3):
 PSYoungGen      total 17920K, used 17920K [0x00000000eab00000, 0x00000000ec180000, 0x0000000100000000)
  eden space 16896K, 100% used [0x00000000eab00000,0x00000000ebb80000,0x00000000ebb80000)
  from space 1024K, 100% used [0x00000000ebf80000,0x00000000ec080000,0x00000000ec080000)
  to   space 3072K, 0% used [0x00000000ebb80000,0x00000000ebb80000,0x00000000ebe80000)
 ParOldGen       total 68608K, used 62940K [0x00000000c0000000, 0x00000000c4300000, 0x00000000eab00000)
  object space 68608K, 91% used [0x00000000c0000000,0x00000000c3d770d0,0x00000000c4300000)
 Metaspace       used 60970K, committed 61952K, reserved 1105920K
  class space    used 6245K, committed 6656K, reserved 1048576K
}
Event: 12.543 GC heap after
{Heap after GC invocations=50 (full 3):
 PSYoungGen      total 18432K, used 1248K [0x00000000eab00000, 0x00000000ec000000, 0x0000000100000000)
  eden space 16896K, 0% used [0x00000000eab00000,0x00000000eab00000,0x00000000ebb80000)
  from space 1536K, 81% used [0x00000000ebb80000,0x00000000ebcb8000,0x00000000ebd00000)
  to   space 2048K, 0% used [0x00000000ebe00000,0x00000000ebe00000,0x00000000ec000000)
 ParOldGen       total 68608K, used 63964K [0x00000000c0000000, 0x00000000c4300000, 0x00000000eab00000)
  object space 68608K, 93% used [0x00000000c0000000,0x00000000c3e770d0,0x00000000c4300000)
 Metaspace       used 60970K, committed 61952K, reserved 1105920K
  class space    used 6245K, committed 6656K, reserved 1048576K
}

