# JRE version: OpenJDK Runtime Environment Temurin-17.0.4.1+1 (17.0.4.1+1) (build 17.0.4.1+1)
# Java VM: OpenJDK 64-Bit Server VM Temurin-17.0.4.1+1 (17.0.4.1+1, mixed mode, tiered, compressed oops, compressed class ptrs, parallel gc, windows-amd64)
GC Precious Log:
 CPUs: 8 total, 8 available
 Memory: 5965M
 Large Page Support: Disabled
 NUMA Support: Disabled
 Compressed Oops: Enabled (32-bit)
 Alignments: Space 512K, Generation 512K, Heap 2M
 Heap Min Capacity: 100M
 Heap Initial Capacity: 100M
 Heap Max Capacity: 1G
 Pre-touch: Disabled
 Parallel Workers: 8
Heap:
 PSYoungGen      total 8704K, used 7346K [0x00000000eab00000, 0x00000000eb500000, 0x0000000100000000)
  eden space 7168K, 84% used [0x00000000eab00000,0x00000000eb0ea218,0x00000000eb200000)
  from space 1536K, 84% used [0x00000000eb280000,0x00000000eb3c2910,0x00000000eb400000)
  to   space 1024K, 0% used [0x00000000eb400000,0x00000000eb400000,0x00000000eb500000)
 ParOldGen       total 78848K, used 71803K [0x00000000c0000000, 0x00000000c4d00000, 0x00000000eab00000)
  object space 78848K, 91% used [0x00000000c0000000,0x00000000c461ecd0,0x00000000c4d00000)
 Metaspace       used 67270K, committed 68416K, reserved 1114112K
  class space    used 6801K, committed 7296K, reserved 1048576K
GC Heap History (20 events):
Event: 13.910 GC heap before
{Heap before GC invocations=97 (full 4):
 PSYoungGen      total 8704K, used 8319K [0x00000000eab00000, 0x00000000eb480000, 0x0000000100000000)
  eden space 7680K, 100% used [0x00000000eab00000,0x00000000eb280000,0x00000000eb280000)
  from space 1024K, 62% used [0x00000000eb280000,0x00000000eb31ff18,0x00000000eb380000)
  to   space 1024K, 0% used [0x00000000eb380000,0x00000000eb380000,0x00000000eb480000)
 ParOldGen       total 78848K, used 64988K [0x00000000c0000000, 0x00000000c4d00000, 0x00000000eab00000)
  object space 78848K, 82% used [0x00000000c0000000,0x00000000c3f77258,0x00000000c4d00000)
 Metaspace       used 66972K, committed 68096K, reserved 1114112K
  class space    used 6797K, committed 7296K, reserved 1048576K
}
Event: 13.911 GC heap after
{Heap after GC invocations=97 (full 4):
 PSYoungGen      total 8192K, used 1017K [0x00000000eab00000, 0x00000000eb580000, 0x0000000100000000)
  eden space 7168K, 0% used [0x00000000eab00000,0x00000000eab00000,0x00000000eb200000)
  from space 1024K, 99% used [0x00000000eb380000,0x00000000eb47e410,0x00000000eb480000)
  to   space 1536K, 0% used [0x00000000eb200000,0x00000000eb200000,0x00000000eb380000)
 ParOldGen       total 78848K, used 65052K [0x00000000c0000000, 0x00000000c4d00000, 0x00000000eab00000)
  object space 78848K, 82% used [0x00000000c0000000,0x00000000c3f87258,0x00000000c4d00000)
 Metaspace       used 66972K, committed 68096K, reserved 1114112K
  class space    used 6797K, committed 7296K, reserved 1048576K
}
Event: 13.943 GC heap before
{Heap before GC invocations=98 (full 4):
 PSYoungGen      total 8192K, used 8185K [0x00000000eab00000, 0x00000000eb580000, 0x0000000100000000)
  eden space 7168K, 100% used [0x00000000eab00000,0x00000000eb200000,0x00000000eb200000)
  from space 1024K, 99% used [0x00000000eb380000,0x00000000eb47e410,0x00000000eb480000)
  to   space 1536K, 0% used [0x00000000eb200000,0x00000000eb200000,0x00000000eb380000)
 ParOldGen       total 78848K, used 65052K [0x00000000c0000000, 0x00000000c4d00000, 0x00000000eab00000)
  object space 78848K, 82% used [0x00000000c0000000,0x00000000c3f87258,0x00000000c4d00000)
 Metaspace       used 67027K, committed 68160K, reserved 1114112K
  class space    used 6799K, committed 7296K, reserved 1048576K
}
Event: 13.944 GC heap after
{Heap after GC invocations=98 (full 4):
 PSYoungGen      total 8704K, used 1518K [0x00000000eab00000, 0x00000000eb700000, 0x0000000100000000)
  eden space 7168K, 0% used [0x00000000eab00000,0x00000000eab00000,0x00000000eb200000)
  from space 1536K, 98% used [0x00000000eb200000,0x00000000eb37bb00,0x00000000eb380000)
  to   space 2560K, 0% used [0x00000000eb480000,0x00000000eb480000,0x00000000eb700000)
 ParOldGen       total 78848K, used 65497K [0x00000000c0000000, 0x00000000c4d00000, 0x00000000eab00000)
  object space 78848K, 83% used [0x00000000c0000000,0x00000000c3ff6468,0x00000000c4d00000)
 Metaspace       used 67027K, committed 68160K, reserved 1114112K
  class space    used 6799K, committed 7296K, reserved 1048576K
}
Event: 13.968 GC heap before
{Heap before GC invocations=99 (full 4):
 PSYoungGen      total 8704K, used 8686K [0x00000000eab00000, 0x00000000eb700000, 0x0000000100000000)
  eden space 7168K, 100% used [0x00000000eab00000,0x00000000eb200000,0x00000000eb200000)
  from space 1536K, 98% used [0x00000000eb200000,0x00000000eb37bb00,0x00000000eb380000)
  to   space 2560K, 0% used [0x00000000eb480000,0x00000000eb480000,0x00000000eb700000)
 ParOldGen       total 78848K, used 65497K [0x00000000c0000000, 0x00000000c4d00000, 0x00000000eab00000)
  object space 78848K, 83% used [0x00000000c0000000,0x00000000c3ff6468,0x00000000c4d00000)
 Metaspace       used 67045K, committed 68160K, reserved 1114112K
  class space    used 6799K, committed 7296K, reserved 1048576K
}
Event: 13.970 GC heap after
{Heap after GC invocations=99 (full 4):
 PSYoungGen      total 8704K, used 1092K [0x00000000eab00000, 0x00000000eb600000, 0x0000000100000000)
  eden space 7168K, 0% used [0x00000000eab00000,0x00000000eab00000,0x00000000eb200000)
  from space 1536K, 71% used [0x00000000eb480000,0x00000000eb591210,0x00000000eb600000)
  to   space 1536K, 0% used [0x00000000eb200000,0x00000000eb200000,0x00000000eb380000)
 ParOldGen       total 78848K, used 66061K [0x00000000c0000000, 0x00000000c4d00000, 0x00000000eab00000)
  object space 78848K, 83% used [0x00000000c0000000,0x00000000c40836a8,0x00000000c4d00000)
 Metaspace       used 67045K, committed 68160K, reserved 1114112K
  class space    used 6799K, committed 7296K, reserved 1048576K
}
Event: 14.043 GC heap before
{Heap before GC invocations=100 (full 4):
 PSYoungGen      total 8704K, used 8260K [0x00000000eab00000, 0x00000000eb600000, 0x0000000100000000)
  eden space 7168K, 100% used [0x00000000eab00000,0x00000000eb200000,0x00000000eb200000)
  from space 1536K, 71% used [0x00000000eb480000,0x00000000eb591210,0x00000000eb600000)
  to   space 1536K, 0% used [0x00000000eb200000,0x00000000eb200000,0x00000000eb380000)
 ParOldGen       total 78848K, used 66061K [0x00000000c0000000, 0x00000000c4d00000, 0x00000000eab00000)
  object space 78848K, 83% used [0x00000000c0000000,0x00000000c40836a8,0x00000000c4d00000)
 Metaspace       used 67078K, committed 68224K, reserved 1114112K
  class space    used 6799K, committed 7296K, reserved 1048576K
}
Event: 14.044 GC heap after
{Heap after GC invocations=100 (full 4):
 PSYoungGen      total 8704K, used 1434K [0x00000000eab00000, 0x00000000eb500000, 0x0000000100000000)
  eden space 7168K, 0% used [0x00000000eab00000,0x00000000eab00000,0x00000000eb200000)
  from space 1536K, 93% used [0x00000000eb200000,0x00000000eb366900,0x00000000eb380000)
  to   space 1536K, 0% used [0x00000000eb380000,0x00000000eb380000,0x00000000eb500000)
 ParOldGen       total 78848K, used 67014K [0x00000000c0000000, 0x00000000c4d00000, 0x00000000eab00000)
  object space 78848K, 84% used [0x00000000c0000000,0x00000000c41718f8,0x00000000c4d00000)
 Metaspace       used 67078K, committed 68224K, reserved 1114112K
  class space    used 6799K, committed 7296K, reserved 1048576K
}
Event: 14.109 GC heap before
{Heap before GC invocations=101 (full 4):
 PSYoungGen      total 8704K, used 8602K [0x00000000eab00000, 0x00000000eb500000, 0x0000000100000000)
  eden space 7168K, 100% used [0x00000000eab00000,0x00000000eb200000,0x00000000eb200000)
  from space 1536K, 93% used [0x00000000eb200000,0x00000000eb366900,0x00000000eb380000)
  to   space 1536K, 0% used [0x00000000eb380000,0x00000000eb380000,0x00000000eb500000)
 ParOldGen       total 78848K, used 67014K [0x00000000c0000000, 0x00000000c4d00000, 0x00000000eab00000)
  object space 78848K, 84% used [0x00000000c0000000,0x00000000c41718f8,0x00000000c4d00000)
 Metaspace       used 67132K, committed 68288K, reserved 1114112K
  class space    used 6799K, committed 7296K, reserved 1048576K
}
Event: 14.111 GC heap after
{Heap after GC invocations=101 (full 4):
 PSYoungGen      total 8192K, used 772K [0x00000000eab00000, 0x00000000eb480000, 0x0000000100000000)
  eden space 7168K, 0% used [0x00000000eab00000,0x00000000eab00000,0x00000000eb200000)
  from space 1024K, 75% used [0x00000000eb380000,0x00000000eb441210,0x00000000eb480000)
  to   space 1024K, 0% used [0x00000000eb280000,0x00000000eb280000,0x00000000eb380000)
 ParOldGen       total 78848K, used 68327K [0x00000000c0000000, 0x00000000c4d00000, 0x00000000eab00000)
  object space 78848K, 86% used [0x00000000c0000000,0x00000000c42b9f20,0x00000000c4d00000)
 Metaspace       used 67132K, committed 68288K, reserved 1114112K
  class space    used 6799K, committed 7296K, reserved 1048576K
}
Event: 14.130 GC heap before
{Heap before GC invocations=102 (full 4):
 PSYoungGen      total 8192K, used 7940K [0x00000000eab00000, 0x00000000eb480000, 0x0000000100000000)
  eden space 7168K, 100% used [0x00000000eab00000,0x00000000eb200000,0x00000000eb200000)
  from space 1024K, 75% used [0x00000000eb380000,0x00000000eb441210,0x00000000eb480000)
  to   space 1024K, 0% used [0x00000000eb280000,0x00000000eb280000,0x00000000eb380000)
 ParOldGen       total 78848K, used 68327K [0x00000000c0000000, 0x00000000c4d00000, 0x00000000eab00000)
  object space 78848K, 86% used [0x00000000c0000000,0x00000000c42b9f20,0x00000000c4d00000)
 Metaspace       used 67135K, committed 68288K, reserved 1114112K
  class space    used 6799K, committed 7296K, reserved 1048576K
}
Event: 14.132 GC heap after
{Heap after GC invocations=102 (full 4):
 PSYoungGen      total 7680K, used 320K [0x00000000eab00000, 0x00000000eb400000, 0x0000000100000000)
  eden space 7168K, 0% used [0x00000000eab00000,0x00000000eab00000,0x00000000eb200000)
  from space 512K, 62% used [0x00000000eb280000,0x00000000eb2d0000,0x00000000eb300000)
  to   space 1024K, 0% used [0x00000000eb300000,0x00000000eb300000,0x00000000eb400000)
 ParOldGen       total 78848K, used 69029K [0x00000000c0000000, 0x00000000c4d00000, 0x00000000eab00000)
  object space 78848K, 87% used [0x00000000c0000000,0x00000000c43696b8,0x00000000c4d00000)
 Metaspace       used 67135K, committed 68288K, reserved 1114112K
  class space    used 6799K, committed 7296K, reserved 1048576K
}
Event: 14.173 GC heap before
{Heap before GC invocations=103 (full 4):
 PSYoungGen      total 7680K, used 7488K [0x00000000eab00000, 0x00000000eb400000, 0x0000000100000000)
  eden space 7168K, 100% used [0x00000000eab00000,0x00000000eb200000,0x00000000eb200000)
  from space 512K, 62% used [0x00000000eb280000,0x00000000eb2d0000,0x00000000eb300000)
  to   space 1024K, 0% used [0x00000000eb300000,0x00000000eb300000,0x00000000eb400000)
 ParOldGen       total 78848K, used 69029K [0x00000000c0000000, 0x00000000c4d00000, 0x00000000eab00000)
  object space 78848K, 87% used [0x00000000c0000000,0x00000000c43696b8,0x00000000c4d00000)
 Metaspace       used 67156K, committed 68288K, reserved 1114112K
  class space    used 6800K, committed 7296K, reserved 1048576K
}
Event: 14.174 GC heap after
{Heap after GC invocations=103 (full 4):
 PSYoungGen      total 8192K, used 640K [0x00000000eab00000, 0x00000000eb400000, 0x0000000100000000)
  eden space 7168K, 0% used [0x00000000eab00000,0x00000000eab00000,0x00000000eb200000)
  from space 1024K, 62% used [0x00000000eb300000,0x00000000eb3a0000,0x00000000eb400000)
  to   space 1024K, 0% used [0x00000000eb200000,0x00000000eb200000,0x00000000eb300000)
 ParOldGen       total 78848K, used 69277K [0x00000000c0000000, 0x00000000c4d00000, 0x00000000eab00000)
  object space 78848K, 87% used [0x00000000c0000000,0x00000000c43a76b8,0x00000000c4d00000)
 Metaspace       used 67156K, committed 68288K, reserved 1114112K
  class space    used 6800K, committed 7296K, reserved 1048576K
}
Event: 14.232 GC heap before
{Heap before GC invocations=104 (full 4):
 PSYoungGen      total 8192K, used 7808K [0x00000000eab00000, 0x00000000eb400000, 0x0000000100000000)
  eden space 7168K, 100% used [0x00000000eab00000,0x00000000eb200000,0x00000000eb200000)
  from space 1024K, 62% used [0x00000000eb300000,0x00000000eb3a0000,0x00000000eb400000)
  to   space 1024K, 0% used [0x00000000eb200000,0x00000000eb200000,0x00000000eb300000)
 ParOldGen       total 78848K, used 69277K [0x00000000c0000000, 0x00000000c4d00000, 0x00000000eab00000)
  object space 78848K, 87% used [0x00000000c0000000,0x00000000c43a76b8,0x00000000c4d00000)
 Metaspace       used 67205K, committed 68352K, reserved 1114112K
  class space    used 6801K, committed 7296K, reserved 1048576K
}
Event: 14.235 GC heap after
{Heap after GC invocations=104 (full 4):
 PSYoungGen      total 8192K, used 1024K [0x00000000eab00000, 0x00000000eb700000, 0x0000000100000000)
  eden space 7168K, 0% used [0x00000000eab00000,0x00000000eab00000,0x00000000eb200000)
  from space 1024K, 100% used [0x00000000eb200000,0x00000000eb300000,0x00000000eb300000)
  to   space 2560K, 0% used [0x00000000eb480000,0x00000000eb480000,0x00000000eb700000)
 ParOldGen       total 78848K, used 70228K [0x00000000c0000000, 0x00000000c4d00000, 0x00000000eab00000)
  object space 78848K, 89% used [0x00000000c0000000,0x00000000c44951f8,0x00000000c4d00000)
 Metaspace       used 67205K, committed 68352K, reserved 1114112K
  class space    used 6801K, committed 7296K, reserved 1048576K
}
Event: 14.255 GC heap before
{Heap before GC invocations=105 (full 4):
 PSYoungGen      total 8192K, used 8192K [0x00000000eab00000, 0x00000000eb700000, 0x0000000100000000)
  eden space 7168K, 100% used [0x00000000eab00000,0x00000000eb200000,0x00000000eb200000)
  from space 1024K, 100% used [0x00000000eb200000,0x00000000eb300000,0x00000000eb300000)
  to   space 2560K, 0% used [0x00000000eb480000,0x00000000eb480000,0x00000000eb700000)
 ParOldGen       total 78848K, used 70228K [0x00000000c0000000, 0x00000000c4d00000, 0x00000000eab00000)
  object space 78848K, 89% used [0x00000000c0000000,0x00000000c44951f8,0x00000000c4d00000)
 Metaspace       used 67219K, committed 68352K, reserved 1114112K
  class space    used 6801K, committed 7296K, reserved 1048576K
}
Event: 14.257 GC heap after
{Heap after GC invocations=105 (full 4):
 PSYoungGen      total 8192K, used 640K [0x00000000eab00000, 0x00000000eb580000, 0x0000000100000000)
  eden space 7168K, 0% used [0x00000000eab00000,0x00000000eab00000,0x00000000eb200000)
  from space 1024K, 62% used [0x00000000eb480000,0x00000000eb520000,0x00000000eb580000)
  to   space 1536K, 0% used [0x00000000eb280000,0x00000000eb280000,0x00000000eb400000)
 ParOldGen       total 78848K, used 71275K [0x00000000c0000000, 0x00000000c4d00000, 0x00000000eab00000)
  object space 78848K, 90% used [0x00000000c0000000,0x00000000c459acd0,0x00000000c4d00000)
 Metaspace       used 67219K, committed 68352K, reserved 1114112K
  class space    used 6801K, committed 7296K, reserved 1048576K
}
Event: 14.309 GC heap before
{Heap before GC invocations=106 (full 4):
 PSYoungGen      total 8192K, used 7808K [0x00000000eab00000, 0x00000000eb580000, 0x0000000100000000)
  eden space 7168K, 100% used [0x00000000eab00000,0x00000000eb200000,0x00000000eb200000)
  from space 1024K, 62% used [0x00000000eb480000,0x00000000eb520000,0x00000000eb580000)
  to   space 1536K, 0% used [0x00000000eb280000,0x00000000eb280000,0x00000000eb400000)
 ParOldGen       total 78848K, used 71275K [0x00000000c0000000, 0x00000000c4d00000, 0x00000000eab00000)
  object space 78848K, 90% used [0x00000000c0000000,0x00000000c459acd0,0x00000000c4d00000)
 Metaspace       used 67246K, committed 68352K, reserved 1114112K
  class space    used 6801K, committed 7296K, reserved 1048576K
}
Event: 14.310 GC heap after
{Heap after GC invocations=106 (full 4):
 PSYoungGen      total 8704K, used 1290K [0x00000000eab00000, 0x00000000eb500000, 0x0000000100000000)
  eden space 7168K, 0% used [0x00000000eab00000,0x00000000eab00000,0x00000000eb200000)
  from space 1536K, 84% used [0x00000000eb280000,0x00000000eb3c2910,0x00000000eb400000)
  to   space 1024K, 0% used [0x00000000eb400000,0x00000000eb400000,0x00000000eb500000)
 ParOldGen       total 78848K, used 71803K [0x00000000c0000000, 0x00000000c4d00000, 0x00000000eab00000)
  object space 78848K, 91% used [0x00000000c0000000,0x00000000c461ecd0,0x00000000c4d00000)
 Metaspace       used 67246K, committed 68352K, reserved 1114112K
  class space    used 6801K, committed 7296K, reserved 1048576K
}

