# JRE version: OpenJDK Runtime Environment Temurin-17.0.4.1+1 (17.0.4.1+1) (build 17.0.4.1+1)
# Java VM: OpenJDK 64-Bit Server VM Temurin-17.0.4.1+1 (17.0.4.1+1, mixed mode, tiered, compressed oops, compressed class ptrs, parallel gc, windows-amd64)
GC Precious Log:
 CPUs: 8 total, 8 available
 Memory: 5965M
 Large Page Support: Disabled
 NUMA Support: Disabled
 Compressed Oops: Enabled (32-bit)
 Alignments: Space 512K, Generation 512K, Heap 2M
 Heap Min Capacity: 100M
 Heap Initial Capacity: 100M
 Heap Max Capacity: 1G
 Pre-touch: Disabled
 Parallel Workers: 8
Heap:
 PSYoungGen      total 22528K, used 11270K [0x00000000eab00000, 0x00000000ec400000, 0x0000000100000000)
  eden space 21504K, 47% used [0x00000000eab00000,0x00000000eb501a40,0x00000000ec000000)
  from space 1024K, 100% used [0x00000000ec000000,0x00000000ec100000,0x00000000ec100000)
  to   space 2048K, 0% used [0x00000000ec200000,0x00000000ec200000,0x00000000ec400000)
 ParOldGen       total 68608K, used 35463K [0x00000000c0000000, 0x00000000c4300000, 0x00000000eab00000)
  object space 68608K, 51% used [0x00000000c0000000,0x00000000c22a1fa0,0x00000000c4300000)
 Metaspace       used 43749K, committed 44352K, reserved 1089536K
  class space    used 4414K, committed 4672K, reserved 1048576K
GC Heap History (20 events):
Event: 13.416 GC heap before
{Heap before GC invocations=16 (full 1):
 PSYoungGen      total 24576K, used 24096K [0x00000000eab00000, 0x00000000ec700000, 0x0000000100000000)
  eden space 22016K, 100% used [0x00000000eab00000,0x00000000ec080000,0x00000000ec080000)
  from space 2560K, 81% used [0x00000000ec480000,0x00000000ec688000,0x00000000ec700000)
  to   space 2560K, 0% used [0x00000000ec200000,0x00000000ec200000,0x00000000ec480000)
 ParOldGen       total 68608K, used 25702K [0x00000000c0000000, 0x00000000c4300000, 0x00000000eab00000)
  object space 68608K, 37% used [0x00000000c0000000,0x00000000c19198d0,0x00000000c4300000)
 Metaspace       used 34859K, committed 35456K, reserved 1081344K
  class space    used 3522K, committed 3776K, reserved 1048576K
}
Event: 13.420 GC heap after
{Heap after GC invocations=16 (full 1):
 PSYoungGen      total 24576K, used 2336K [0x00000000eab00000, 0x00000000ec580000, 0x0000000100000000)
  eden space 22016K, 0% used [0x00000000eab00000,0x00000000eab00000,0x00000000ec080000)
  from space 2560K, 91% used [0x00000000ec200000,0x00000000ec448010,0x00000000ec480000)
  to   space 1024K, 0% used [0x00000000ec480000,0x00000000ec480000,0x00000000ec580000)
 ParOldGen       total 68608K, used 27686K [0x00000000c0000000, 0x00000000c4300000, 0x00000000eab00000)
  object space 68608K, 40% used [0x00000000c0000000,0x00000000c1b098d0,0x00000000c4300000)
 Metaspace       used 34859K, committed 35456K, reserved 1081344K
  class space    used 3522K, committed 3776K, reserved 1048576K
}
Event: 13.471 GC heap before
{Heap before GC invocations=17 (full 1):
 PSYoungGen      total 24576K, used 24352K [0x00000000eab00000, 0x00000000ec580000, 0x0000000100000000)
  eden space 22016K, 100% used [0x00000000eab00000,0x00000000ec080000,0x00000000ec080000)
  from space 2560K, 91% used [0x00000000ec200000,0x00000000ec448010,0x00000000ec480000)
  to   space 1024K, 0% used [0x00000000ec480000,0x00000000ec480000,0x00000000ec580000)
 ParOldGen       total 68608K, used 27686K [0x00000000c0000000, 0x00000000c4300000, 0x00000000eab00000)
  object space 68608K, 40% used [0x00000000c0000000,0x00000000c1b098d0,0x00000000c4300000)
 Metaspace       used 34860K, committed 35456K, reserved 1081344K
  class space    used 3522K, committed 3776K, reserved 1048576K
}
Event: 13.474 GC heap after
{Heap after GC invocations=17 (full 1):
 PSYoungGen      total 22528K, used 1024K [0x00000000eab00000, 0x00000000ec980000, 0x0000000100000000)
  eden space 21504K, 0% used [0x00000000eab00000,0x00000000eab00000,0x00000000ec000000)
  from space 1024K, 100% used [0x00000000ec480000,0x00000000ec580000,0x00000000ec580000)
  to   space 4608K, 0% used [0x00000000ec000000,0x00000000ec000000,0x00000000ec480000)
 ParOldGen       total 68608K, used 30641K [0x00000000c0000000, 0x00000000c4300000, 0x00000000eab00000)
  object space 68608K, 44% used [0x00000000c0000000,0x00000000c1dec4b8,0x00000000c4300000)
 Metaspace       used 34860K, committed 35456K, reserved 1081344K
  class space    used 3522K, committed 3776K, reserved 1048576K
}
Event: 13.629 GC heap before
{Heap before GC invocations=18 (full 1):
 PSYoungGen      total 22528K, used 5549K [0x00000000eab00000, 0x00000000ec980000, 0x0000000100000000)
  eden space 21504K, 21% used [0x00000000eab00000,0x00000000eaf6b448,0x00000000ec000000)
  from space 1024K, 100% used [0x00000000ec480000,0x00000000ec580000,0x00000000ec580000)
  to   space 4608K, 0% used [0x00000000ec000000,0x00000000ec000000,0x00000000ec480000)
 ParOldGen       total 68608K, used 30641K [0x00000000c0000000, 0x00000000c4300000, 0x00000000eab00000)
  object space 68608K, 44% used [0x00000000c0000000,0x00000000c1dec4b8,0x00000000c4300000)
 Metaspace       used 35222K, committed 35840K, reserved 1081344K
  class space    used 3557K, committed 3840K, reserved 1048576K
}
Event: 13.632 GC heap after
{Heap after GC invocations=18 (full 1):
 PSYoungGen      total 23040K, used 1484K [0x00000000eab00000, 0x00000000ec580000, 0x0000000100000000)
  eden space 21504K, 0% used [0x00000000eab00000,0x00000000eab00000,0x00000000ec000000)
  from space 1536K, 96% used [0x00000000ec000000,0x00000000ec1732b8,0x00000000ec180000)
  to   space 2560K, 0% used [0x00000000ec300000,0x00000000ec300000,0x00000000ec580000)
 ParOldGen       total 68608K, used 31689K [0x00000000c0000000, 0x00000000c4300000, 0x00000000eab00000)
  object space 68608K, 46% used [0x00000000c0000000,0x00000000c1ef24b8,0x00000000c4300000)
 Metaspace       used 35222K, committed 35840K, reserved 1081344K
  class space    used 3557K, committed 3840K, reserved 1048576K
}
Event: 13.632 GC heap before
{Heap before GC invocations=19 (full 2):
 PSYoungGen      total 23040K, used 1484K [0x00000000eab00000, 0x00000000ec580000, 0x0000000100000000)
  eden space 21504K, 0% used [0x00000000eab00000,0x00000000eab00000,0x00000000ec000000)
  from space 1536K, 96% used [0x00000000ec000000,0x00000000ec1732b8,0x00000000ec180000)
  to   space 2560K, 0% used [0x00000000ec300000,0x00000000ec300000,0x00000000ec580000)
 ParOldGen       total 68608K, used 31689K [0x00000000c0000000, 0x00000000c4300000, 0x00000000eab00000)
  object space 68608K, 46% used [0x00000000c0000000,0x00000000c1ef24b8,0x00000000c4300000)
 Metaspace       used 35222K, committed 35840K, reserved 1081344K
  class space    used 3557K, committed 3840K, reserved 1048576K
}
Event: 13.673 GC heap after
{Heap after GC invocations=19 (full 2):
 PSYoungGen      total 23040K, used 0K [0x00000000eab00000, 0x00000000ec580000, 0x0000000100000000)
  eden space 21504K, 0% used [0x00000000eab00000,0x00000000eab00000,0x00000000ec000000)
  from space 1536K, 0% used [0x00000000ec000000,0x00000000ec000000,0x00000000ec180000)
  to   space 2560K, 0% used [0x00000000ec300000,0x00000000ec300000,0x00000000ec580000)
 ParOldGen       total 68608K, used 32256K [0x00000000c0000000, 0x00000000c4300000, 0x00000000eab00000)
  object space 68608K, 47% used [0x00000000c0000000,0x00000000c1f801e8,0x00000000c4300000)
 Metaspace       used 35222K, committed 35840K, reserved 1081344K
  class space    used 3557K, committed 3840K, reserved 1048576K
}
Event: 14.079 GC heap before
{Heap before GC invocations=20 (full 2):
 PSYoungGen      total 23040K, used 21488K [0x00000000eab00000, 0x00000000ec580000, 0x0000000100000000)
  eden space 21504K, 99% used [0x00000000eab00000,0x00000000ebffc0d0,0x00000000ec000000)
  from space 1536K, 0% used [0x00000000ec000000,0x00000000ec000000,0x00000000ec180000)
  to   space 2560K, 0% used [0x00000000ec300000,0x00000000ec300000,0x00000000ec580000)
 ParOldGen       total 68608K, used 32256K [0x00000000c0000000, 0x00000000c4300000, 0x00000000eab00000)
  object space 68608K, 47% used [0x00000000c0000000,0x00000000c1f801e8,0x00000000c4300000)
 Metaspace       used 37270K, committed 37888K, reserved 1089536K
  class space    used 3835K, committed 4096K, reserved 1048576K
}
Event: 14.080 GC heap after
{Heap after GC invocations=20 (full 2):
 PSYoungGen      total 22528K, used 726K [0x00000000eab00000, 0x00000000ec400000, 0x0000000100000000)
  eden space 21504K, 0% used [0x00000000eab00000,0x00000000eab00000,0x00000000ec000000)
  from space 1024K, 70% used [0x00000000ec300000,0x00000000ec3b5a20,0x00000000ec400000)
  to   space 1536K, 0% used [0x00000000ec100000,0x00000000ec100000,0x00000000ec280000)
 ParOldGen       total 68608K, used 32264K [0x00000000c0000000, 0x00000000c4300000, 0x00000000eab00000)
  object space 68608K, 47% used [0x00000000c0000000,0x00000000c1f821e8,0x00000000c4300000)
 Metaspace       used 37270K, committed 37888K, reserved 1089536K
  class space    used 3835K, committed 4096K, reserved 1048576K
}
Event: 14.596 GC heap before
{Heap before GC invocations=21 (full 2):
 PSYoungGen      total 22528K, used 22188K [0x00000000eab00000, 0x00000000ec400000, 0x0000000100000000)
  eden space 21504K, 99% used [0x00000000eab00000,0x00000000ebff56d8,0x00000000ec000000)
  from space 1024K, 70% used [0x00000000ec300000,0x00000000ec3b5a20,0x00000000ec400000)
  to   space 1536K, 0% used [0x00000000ec100000,0x00000000ec100000,0x00000000ec280000)
 ParOldGen       total 68608K, used 32264K [0x00000000c0000000, 0x00000000c4300000, 0x00000000eab00000)
  object space 68608K, 47% used [0x00000000c0000000,0x00000000c1f821e8,0x00000000c4300000)
 Metaspace       used 38731K, committed 39424K, reserved 1089536K
  class space    used 3980K, committed 4288K, reserved 1048576K
}
Event: 14.597 GC heap after
{Heap after GC invocations=21 (full 2):
 PSYoungGen      total 23040K, used 480K [0x00000000eab00000, 0x00000000ec380000, 0x0000000100000000)
  eden space 21504K, 0% used [0x00000000eab00000,0x00000000eab00000,0x00000000ec000000)
  from space 1536K, 31% used [0x00000000ec100000,0x00000000ec178000,0x00000000ec280000)
  to   space 1024K, 0% used [0x00000000ec280000,0x00000000ec280000,0x00000000ec380000)
 ParOldGen       total 68608K, used 32849K [0x00000000c0000000, 0x00000000c4300000, 0x00000000eab00000)
  object space 68608K, 47% used [0x00000000c0000000,0x00000000c20146f0,0x00000000c4300000)
 Metaspace       used 38731K, committed 39424K, reserved 1089536K
  class space    used 3980K, committed 4288K, reserved 1048576K
}
Event: 23.222 GC heap before
{Heap before GC invocations=22 (full 2):
 PSYoungGen      total 23040K, used 21984K [0x00000000eab00000, 0x00000000ec380000, 0x0000000100000000)
  eden space 21504K, 100% used [0x00000000eab00000,0x00000000ec000000,0x00000000ec000000)
  from space 1536K, 31% used [0x00000000ec100000,0x00000000ec178000,0x00000000ec280000)
  to   space 1024K, 0% used [0x00000000ec280000,0x00000000ec280000,0x00000000ec380000)
 ParOldGen       total 68608K, used 32849K [0x00000000c0000000, 0x00000000c4300000, 0x00000000eab00000)
  object space 68608K, 47% used [0x00000000c0000000,0x00000000c20146f0,0x00000000c4300000)
 Metaspace       used 40198K, committed 40832K, reserved 1089536K
  class space    used 4097K, committed 4352K, reserved 1048576K
}
Event: 23.224 GC heap after
{Heap after GC invocations=22 (full 2):
 PSYoungGen      total 22528K, used 994K [0x00000000eab00000, 0x00000000ec500000, 0x0000000100000000)
  eden space 21504K, 0% used [0x00000000eab00000,0x00000000eab00000,0x00000000ec000000)
  from space 1024K, 97% used [0x00000000ec280000,0x00000000ec378b30,0x00000000ec380000)
  to   space 2560K, 0% used [0x00000000ec000000,0x00000000ec000000,0x00000000ec280000)
 ParOldGen       total 68608K, used 33912K [0x00000000c0000000, 0x00000000c4300000, 0x00000000eab00000)
  object space 68608K, 49% used [0x00000000c0000000,0x00000000c211e2a8,0x00000000c4300000)
 Metaspace       used 40198K, committed 40832K, reserved 1089536K
  class space    used 4097K, committed 4352K, reserved 1048576K
}
Event: 23.360 GC heap before
{Heap before GC invocations=23 (full 2):
 PSYoungGen      total 22528K, used 22498K [0x00000000eab00000, 0x00000000ec500000, 0x0000000100000000)
  eden space 21504K, 100% used [0x00000000eab00000,0x00000000ec000000,0x00000000ec000000)
  from space 1024K, 97% used [0x00000000ec280000,0x00000000ec378b30,0x00000000ec380000)
  to   space 2560K, 0% used [0x00000000ec000000,0x00000000ec000000,0x00000000ec280000)
 ParOldGen       total 68608K, used 33912K [0x00000000c0000000, 0x00000000c4300000, 0x00000000eab00000)
  object space 68608K, 49% used [0x00000000c0000000,0x00000000c211e2a8,0x00000000c4300000)
 Metaspace       used 40233K, committed 40832K, reserved 1089536K
  class space    used 4097K, committed 4352K, reserved 1048576K
}
Event: 23.362 GC heap after
{Heap after GC invocations=23 (full 2):
 PSYoungGen      total 22528K, used 525K [0x00000000eab00000, 0x00000000ec300000, 0x0000000100000000)
  eden space 21504K, 0% used [0x00000000eab00000,0x00000000eab00000,0x00000000ec000000)
  from space 1024K, 51% used [0x00000000ec000000,0x00000000ec0836c0,0x00000000ec100000)
  to   space 1536K, 0% used [0x00000000ec180000,0x00000000ec180000,0x00000000ec300000)
 ParOldGen       total 68608K, used 34870K [0x00000000c0000000, 0x00000000c4300000, 0x00000000eab00000)
  object space 68608K, 50% used [0x00000000c0000000,0x00000000c220dab0,0x00000000c4300000)
 Metaspace       used 40233K, committed 40832K, reserved 1089536K
  class space    used 4097K, committed 4352K, reserved 1048576K
}
Event: 23.876 GC heap before
{Heap before GC invocations=24 (full 2):
 PSYoungGen      total 22528K, used 22029K [0x00000000eab00000, 0x00000000ec300000, 0x0000000100000000)
  eden space 21504K, 100% used [0x00000000eab00000,0x00000000ec000000,0x00000000ec000000)
  from space 1024K, 51% used [0x00000000ec000000,0x00000000ec0836c0,0x00000000ec100000)
  to   space 1536K, 0% used [0x00000000ec180000,0x00000000ec180000,0x00000000ec300000)
 ParOldGen       total 68608K, used 34870K [0x00000000c0000000, 0x00000000c4300000, 0x00000000eab00000)
  object space 68608K, 50% used [0x00000000c0000000,0x00000000c220dab0,0x00000000c4300000)
 Metaspace       used 42052K, committed 42752K, reserved 1089536K
  class space    used 4245K, committed 4544K, reserved 1048576K
}
Event: 23.878 GC heap after
{Heap after GC invocations=24 (full 2):
 PSYoungGen      total 22528K, used 768K [0x00000000eab00000, 0x00000000ec280000, 0x0000000100000000)
  eden space 21504K, 0% used [0x00000000eab00000,0x00000000eab00000,0x00000000ec000000)
  from space 1024K, 75% used [0x00000000ec180000,0x00000000ec240000,0x00000000ec280000)
  to   space 1024K, 0% used [0x00000000ec000000,0x00000000ec000000,0x00000000ec100000)
 ParOldGen       total 68608K, used 34886K [0x00000000c0000000, 0x00000000c4300000, 0x00000000eab00000)
  object space 68608K, 50% used [0x00000000c0000000,0x00000000c2211ab0,0x00000000c4300000)
 Metaspace       used 42052K, committed 42752K, reserved 1089536K
  class space    used 4245K, committed 4544K, reserved 1048576K
}
Event: 24.964 GC heap before
{Heap before GC invocations=25 (full 2):
 PSYoungGen      total 22528K, used 22272K [0x00000000eab00000, 0x00000000ec280000, 0x0000000100000000)
  eden space 21504K, 100% used [0x00000000eab00000,0x00000000ec000000,0x00000000ec000000)
  from space 1024K, 75% used [0x00000000ec180000,0x00000000ec240000,0x00000000ec280000)
  to   space 1024K, 0% used [0x00000000ec000000,0x00000000ec000000,0x00000000ec100000)
 ParOldGen       total 68608K, used 34886K [0x00000000c0000000, 0x00000000c4300000, 0x00000000eab00000)
  object space 68608K, 50% used [0x00000000c0000000,0x00000000c2211ab0,0x00000000c4300000)
 Metaspace       used 43534K, committed 44224K, reserved 1089536K
  class space    used 4396K, committed 4672K, reserved 1048576K
}
Event: 24.965 GC heap after
{Heap after GC invocations=25 (full 2):
 PSYoungGen      total 22528K, used 1024K [0x00000000eab00000, 0x00000000ec400000, 0x0000000100000000)
  eden space 21504K, 0% used [0x00000000eab00000,0x00000000eab00000,0x00000000ec000000)
  from space 1024K, 100% used [0x00000000ec000000,0x00000000ec100000,0x00000000ec100000)
  to   space 2048K, 0% used [0x00000000ec200000,0x00000000ec200000,0x00000000ec400000)
 ParOldGen       total 68608K, used 35463K [0x00000000c0000000, 0x00000000c4300000, 0x00000000eab00000)
  object space 68608K, 51% used [0x00000000c0000000,0x00000000c22a1fa0,0x00000000c4300000)
 Metaspace       used 43534K, committed 44224K, reserved 1089536K
  class space    used 4396K, committed 4672K, reserved 1048576K
}

